OpenSTA 2.4.0 41a51eaf4c Copyright (c) 2021, Parallax Software, Inc.
License GPLv3: GNU GPL version 3 <http://gnu.org/licenses/gpl.html>

This is free software, and you are free to change and redistribute it
under certain conditions; type `show_copying' for details. 
This program comes with ABSOLUTELY NO WARRANTY; for details type `show_warranty'.
[INFO]: Setting output delay to: 2.4000000000000004
[INFO]: Setting input delay to: 2.4000000000000004
[INFO]: Setting load to: 0.017653
Startpoint: _47787_ (rising edge-triggered flip-flop clocked by clk)
Endpoint: _47787_ (rising edge-triggered flip-flop clocked by clk)
Path Group: clk
Path Type: min

Fanout     Cap    Slew   Delay    Time   Description
-----------------------------------------------------------------------------
                  0.00    0.00    0.00   clock clk (rise edge)
                          0.00    0.00   clock network delay (ideal)
                  0.00    0.00    0.00 ^ _47787_/CLK (sky130_fd_sc_hd__dfxtp_2)
                  0.03    0.18    0.18 ^ _47787_/Q (sky130_fd_sc_hd__dfxtp_2)
     2    0.00                           cpuregs[0][7] (net)
                  0.03    0.00    0.18 ^ _43687_/A (sky130_fd_sc_hd__buf_1)
                  0.02    0.04    0.23 ^ _43687_/X (sky130_fd_sc_hd__buf_1)
     1    0.00                           _00267_ (net)
                  0.02    0.00    0.23 ^ _47787_/D (sky130_fd_sc_hd__dfxtp_2)
                                  0.23   data arrival time

                  0.00    0.00    0.00   clock clk (rise edge)
                          0.00    0.00   clock network delay (ideal)
                          0.00    0.00   clock reconvergence pessimism
                                  0.00 ^ _47787_/CLK (sky130_fd_sc_hd__dfxtp_2)
                         -0.02   -0.02   library hold time
                                 -0.02   data required time
-----------------------------------------------------------------------------
                                 -0.02   data required time
                                 -0.23   data arrival time
-----------------------------------------------------------------------------
                                  0.24   slack (MET)


Startpoint: _48263_ (rising edge-triggered flip-flop clocked by clk)
Endpoint: _47632_ (rising edge-triggered flip-flop clocked by clk)
Path Group: clk
Path Type: max

Fanout     Cap    Slew   Delay    Time   Description
-----------------------------------------------------------------------------
                  0.00    0.00    0.00   clock clk (rise edge)
                          0.00    0.00   clock network delay (ideal)
                  0.00    0.00    0.00 ^ _48263_/CLK (sky130_fd_sc_hd__dfxtp_2)
                  0.06    0.61    0.61 ^ _48263_/Q (sky130_fd_sc_hd__dfxtp_2)
     2    0.00                           genblk1.pcpi_mul.rs2[31] (net)
                  0.06    0.00    0.61 ^ _34559_/A (sky130_fd_sc_hd__buf_1)
                  0.27    0.29    0.90 ^ _34559_/X (sky130_fd_sc_hd__buf_1)
     4    0.01                           _05662_ (net)
                  0.27    0.00    0.90 ^ _35125_/A (sky130_fd_sc_hd__buf_1)
                  0.27    0.37    1.26 ^ _35125_/X (sky130_fd_sc_hd__buf_1)
     4    0.01                           _06227_ (net)
                  0.27    0.00    1.26 ^ _35126_/A (sky130_fd_sc_hd__buf_1)
                  0.26    0.36    1.62 ^ _35126_/X (sky130_fd_sc_hd__buf_1)
     4    0.01                           _06228_ (net)
                  0.26    0.00    1.62 ^ _35127_/A (sky130_fd_sc_hd__buf_1)
                  0.31    0.39    2.02 ^ _35127_/X (sky130_fd_sc_hd__buf_1)
     4    0.02                           _06229_ (net)
                  0.31    0.00    2.02 ^ _38290_/A (sky130_fd_sc_hd__buf_1)
                  0.31    0.41    2.42 ^ _38290_/X (sky130_fd_sc_hd__buf_1)
     4    0.02                           _09383_ (net)
                  0.31    0.00    2.42 ^ _41538_/A (sky130_fd_sc_hd__buf_1)
                  0.32    0.41    2.84 ^ _41538_/X (sky130_fd_sc_hd__buf_1)
     4    0.02                           _12617_ (net)
                  0.32    0.00    2.84 ^ _42224_/C (sky130_fd_sc_hd__nand4_2)
                  0.31    0.40    3.24 v _42224_/Y (sky130_fd_sc_hd__nand4_2)
     3    0.01                           _13298_ (net)
                  0.31    0.00    3.24 v _42226_/A1_N (sky130_fd_sc_hd__o2bb2ai_2)
                  0.14    0.37    3.60 v _42226_/Y (sky130_fd_sc_hd__o2bb2ai_2)
     3    0.01                           _13300_ (net)
                  0.14    0.00    3.60 v _42229_/A2 (sky130_fd_sc_hd__a21o_2)
                  0.10    0.45    4.05 v _42229_/X (sky130_fd_sc_hd__a21o_2)
     3    0.01                           _13303_ (net)
                  0.10    0.00    4.05 v _42261_/A (sky130_fd_sc_hd__buf_1)
                  0.18    0.28    4.33 v _42261_/X (sky130_fd_sc_hd__buf_1)
     4    0.02                           _13335_ (net)
                  0.18    0.00    4.33 v _42262_/A2_N (sky130_fd_sc_hd__o2bb2ai_2)
                  0.14    0.29    4.62 v _42262_/Y (sky130_fd_sc_hd__o2bb2ai_2)
     3    0.01                           _13336_ (net)
                  0.14    0.00    4.62 v _42264_/B (sky130_fd_sc_hd__and3_2)
                  0.11    0.49    5.11 v _42264_/X (sky130_fd_sc_hd__and3_2)
     3    0.01                           _13338_ (net)
                  0.11    0.00    5.11 v _42269_/A2 (sky130_fd_sc_hd__o211ai_2)
                  0.21    0.25    5.35 ^ _42269_/Y (sky130_fd_sc_hd__o211ai_2)
     3    0.00                           _13343_ (net)
                  0.21    0.00    5.35 ^ _42270_/A (sky130_fd_sc_hd__buf_1)
                  0.28    0.36    5.71 ^ _42270_/X (sky130_fd_sc_hd__buf_1)
     4    0.01                           _13344_ (net)
                  0.28    0.00    5.71 ^ _42283_/B1 (sky130_fd_sc_hd__a22o_2)
                  0.12    0.38    6.09 ^ _42283_/X (sky130_fd_sc_hd__a22o_2)
     2    0.01                           _13357_ (net)
                  0.12    0.00    6.09 ^ _42285_/B (sky130_fd_sc_hd__nand3_2)
                  0.14    0.19    6.28 v _42285_/Y (sky130_fd_sc_hd__nand3_2)
     2    0.01                           _13359_ (net)
                  0.14    0.00    6.28 v _42292_/A2 (sky130_fd_sc_hd__a21o_2)
                  0.10    0.45    6.73 v _42292_/X (sky130_fd_sc_hd__a21o_2)
     3    0.01                           _13366_ (net)
                  0.10    0.00    6.73 v _42295_/A1 (sky130_fd_sc_hd__a21o_2)
                  0.09    0.40    7.12 v _42295_/X (sky130_fd_sc_hd__a21o_2)
     3    0.01                           _13369_ (net)
                  0.09    0.00    7.12 v _42304_/A2 (sky130_fd_sc_hd__a21o_2)
                  0.08    0.41    7.53 v _42304_/X (sky130_fd_sc_hd__a21o_2)
     2    0.01                           _13378_ (net)
                  0.08    0.00    7.53 v _42306_/A2 (sky130_fd_sc_hd__a21bo_2)
                  0.10    0.42    7.96 v _42306_/X (sky130_fd_sc_hd__a21bo_2)
     3    0.01                           _13380_ (net)
                  0.10    0.00    7.96 v _42313_/A (sky130_fd_sc_hd__and3_2)
                  0.10    0.40    8.36 v _42313_/X (sky130_fd_sc_hd__and3_2)
     3    0.01                           _13387_ (net)
                  0.10    0.00    8.36 v _42316_/C (sky130_fd_sc_hd__or3_2)
                  0.19    1.02    9.38 v _42316_/X (sky130_fd_sc_hd__or3_2)
     2    0.01                           _13390_ (net)
                  0.19    0.00    9.38 v _42318_/C1 (sky130_fd_sc_hd__o2111ai_2)
                  0.38    0.23    9.61 ^ _42318_/Y (sky130_fd_sc_hd__o2111ai_2)
     4    0.01                           _13392_ (net)
                  0.38    0.00    9.61 ^ _42432_/B1 (sky130_fd_sc_hd__o31a_2)
                  0.07    0.38    9.99 ^ _42432_/X (sky130_fd_sc_hd__o31a_2)
     2    0.00                           _13505_ (net)
                  0.07    0.00    9.99 ^ _42434_/A_N (sky130_fd_sc_hd__nand3b_2)
                  0.14    0.23   10.22 ^ _42434_/Y (sky130_fd_sc_hd__nand3b_2)
     2    0.01                           _13507_ (net)
                  0.14    0.00   10.22 ^ _42440_/A (sky130_fd_sc_hd__inv_2)
                  0.05    0.09   10.31 v _42440_/Y (sky130_fd_sc_hd__inv_2)
     2    0.01                           _13512_ (net)
                  0.05    0.00   10.31 v _42441_/A (sky130_fd_sc_hd__or3b_2)
                  0.15    1.02   11.33 v _42441_/X (sky130_fd_sc_hd__or3b_2)
     1    0.00                           _13513_ (net)
                  0.15    0.00   11.33 v _42442_/B1_N (sky130_fd_sc_hd__o21bai_2)
                  0.11    0.43   11.76 v _42442_/Y (sky130_fd_sc_hd__o21bai_2)
     1    0.00                           _13514_ (net)
                  0.11    0.00   11.76 v _42535_/A1 (sky130_fd_sc_hd__a21oi_2)
                  0.24    0.28   12.04 ^ _42535_/Y (sky130_fd_sc_hd__a21oi_2)
     2    0.01                           _13607_ (net)
                  0.24    0.00   12.04 ^ _42539_/A (sky130_fd_sc_hd__nor2b_2)
                  0.06    0.12   12.16 v _42539_/Y (sky130_fd_sc_hd__nor2b_2)
     1    0.00                           _00108_ (net)
                  0.06    0.00   12.16 v _47632_/D (sky130_fd_sc_hd__dfxtp_2)
                                 12.16   data arrival time

                  0.00   12.00   12.00   clock clk (rise edge)
                          0.00   12.00   clock network delay (ideal)
                          0.00   12.00   clock reconvergence pessimism
                                 12.00 ^ _47632_/CLK (sky130_fd_sc_hd__dfxtp_2)
                         -0.29   11.71   library setup time
                                 11.71   data required time
-----------------------------------------------------------------------------
                                 11.71   data required time
                                -12.16   data arrival time
-----------------------------------------------------------------------------
                                 -0.45   slack (VIOLATED)


tns -1.95
wns -0.45
% Net _05662_
Driver pins
 _34559_/X output (sky130_fd_sc_hd__buf_1)

Load pins
 _34560_/A input (sky130_fd_sc_hd__buf_1)
 _35125_/A input (sky130_fd_sc_hd__buf_1)
 _36383_/A input (sky130_fd_sc_hd__inv_2)
 _37001_/A2_N input (sky130_fd_sc_hd__o2bb2ai_2)

% invalid command name "_06227_"
% Net _06227_
Driver pins
 _35125_/X output (sky130_fd_sc_hd__buf_1)

Load pins
 _35126_/A input (sky130_fd_sc_hd__buf_1)
 _35132_/A input (sky130_fd_sc_hd__buf_1)
 _36621_/C input (sky130_fd_sc_hd__nand4_2)
 _36626_/C input (sky130_fd_sc_hd__nand3b_2)

% 1
% Startpoint: _47787_ (rising edge-triggered flip-flop clocked by clk)
Endpoint: _47787_ (rising edge-triggered flip-flop clocked by clk)
Path Group: clk
Path Type: min

Fanout     Cap    Slew   Delay    Time   Description
-----------------------------------------------------------------------------
                  0.00    0.00    0.00   clock clk (rise edge)
                          0.00    0.00   clock network delay (ideal)
                  0.00    0.00    0.00 ^ _47787_/CLK (sky130_fd_sc_hd__dfxtp_2)
                  0.03    0.18    0.18 ^ _47787_/Q (sky130_fd_sc_hd__dfxtp_2)
     2    0.00                           cpuregs[0][7] (net)
                  0.03    0.00    0.18 ^ _43687_/A (sky130_fd_sc_hd__buf_1)
                  0.02    0.04    0.23 ^ _43687_/X (sky130_fd_sc_hd__buf_1)
     1    0.00                           _00267_ (net)
                  0.02    0.00    0.23 ^ _47787_/D (sky130_fd_sc_hd__dfxtp_2)
                                  0.23   data arrival time

                  0.00    0.00    0.00   clock clk (rise edge)
                          0.00    0.00   clock network delay (ideal)
                          0.00    0.00   clock reconvergence pessimism
                                  0.00 ^ _47787_/CLK (sky130_fd_sc_hd__dfxtp_2)
                         -0.02   -0.02   library hold time
                                 -0.02   data required time
-----------------------------------------------------------------------------
                                 -0.02   data required time
                                 -0.23   data arrival time
-----------------------------------------------------------------------------
                                  0.24   slack (MET)


Startpoint: _48263_ (rising edge-triggered flip-flop clocked by clk)
Endpoint: _47632_ (rising edge-triggered flip-flop clocked by clk)
Path Group: clk
Path Type: max

Fanout     Cap    Slew   Delay    Time   Description
-----------------------------------------------------------------------------
                  0.00    0.00    0.00   clock clk (rise edge)
                          0.00    0.00   clock network delay (ideal)
                  0.00    0.00    0.00 ^ _48263_/CLK (sky130_fd_sc_hd__dfxtp_2)
                  0.06    0.61    0.61 ^ _48263_/Q (sky130_fd_sc_hd__dfxtp_2)
     2    0.00                           genblk1.pcpi_mul.rs2[31] (net)
                  0.06    0.00    0.61 ^ _34559_/A (sky130_fd_sc_hd__buf_1)
                  0.28    0.29    0.90 ^ _34559_/X (sky130_fd_sc_hd__buf_1)
     4    0.01                           _05662_ (net)
                  0.28    0.00    0.90 ^ _35125_/A (sky130_fd_sc_hd__buf_4)
                  0.09    0.31    1.21 ^ _35125_/X (sky130_fd_sc_hd__buf_4)
     4    0.01                           _06227_ (net)
                  0.09    0.00    1.21 ^ _35126_/A (sky130_fd_sc_hd__buf_1)
                  0.26    0.29    1.50 ^ _35126_/X (sky130_fd_sc_hd__buf_1)
     4    0.01                           _06228_ (net)
                  0.26    0.00    1.50 ^ _35127_/A (sky130_fd_sc_hd__buf_1)
                  0.31    0.39    1.89 ^ _35127_/X (sky130_fd_sc_hd__buf_1)
     4    0.02                           _06229_ (net)
                  0.31    0.00    1.89 ^ _38290_/A (sky130_fd_sc_hd__buf_1)
                  0.31    0.41    2.30 ^ _38290_/X (sky130_fd_sc_hd__buf_1)
     4    0.02                           _09383_ (net)
                  0.31    0.00    2.30 ^ _41538_/A (sky130_fd_sc_hd__buf_1)
                  0.32    0.41    2.71 ^ _41538_/X (sky130_fd_sc_hd__buf_1)
     4    0.02                           _12617_ (net)
                  0.32    0.00    2.71 ^ _42224_/C (sky130_fd_sc_hd__nand4_2)
                  0.31    0.40    3.11 v _42224_/Y (sky130_fd_sc_hd__nand4_2)
     3    0.01                           _13298_ (net)
                  0.31    0.00    3.11 v _42226_/A1_N (sky130_fd_sc_hd__o2bb2ai_2)
                  0.14    0.37    3.48 v _42226_/Y (sky130_fd_sc_hd__o2bb2ai_2)
     3    0.01                           _13300_ (net)
                  0.14    0.00    3.48 v _42229_/A2 (sky130_fd_sc_hd__a21o_2)
                  0.10    0.45    3.93 v _42229_/X (sky130_fd_sc_hd__a21o_2)
     3    0.01                           _13303_ (net)
                  0.10    0.00    3.93 v _42261_/A (sky130_fd_sc_hd__buf_1)
                  0.18    0.28    4.20 v _42261_/X (sky130_fd_sc_hd__buf_1)
     4    0.02                           _13335_ (net)
                  0.18    0.00    4.20 v _42262_/A2_N (sky130_fd_sc_hd__o2bb2ai_2)
                  0.14    0.29    4.50 v _42262_/Y (sky130_fd_sc_hd__o2bb2ai_2)
     3    0.01                           _13336_ (net)
                  0.14    0.00    4.50 v _42264_/B (sky130_fd_sc_hd__and3_2)
                  0.11    0.49    4.98 v _42264_/X (sky130_fd_sc_hd__and3_2)
     3    0.01                           _13338_ (net)
                  0.11    0.00    4.98 v _42269_/A2 (sky130_fd_sc_hd__o211ai_2)
                  0.21    0.25    5.23 ^ _42269_/Y (sky130_fd_sc_hd__o211ai_2)
     3    0.00                           _13343_ (net)
                  0.21    0.00    5.23 ^ _42270_/A (sky130_fd_sc_hd__buf_1)
                  0.28    0.36    5.59 ^ _42270_/X (sky130_fd_sc_hd__buf_1)
     4    0.01                           _13344_ (net)
                  0.28    0.00    5.59 ^ _42283_/B1 (sky130_fd_sc_hd__a22o_2)
                  0.12    0.38    5.97 ^ _42283_/X (sky130_fd_sc_hd__a22o_2)
     2    0.01                           _13357_ (net)
                  0.12    0.00    5.97 ^ _42285_/B (sky130_fd_sc_hd__nand3_2)
                  0.14    0.19    6.15 v _42285_/Y (sky130_fd_sc_hd__nand3_2)
     2    0.01                           _13359_ (net)
                  0.14    0.00    6.15 v _42292_/A2 (sky130_fd_sc_hd__a21o_2)
                  0.10    0.45    6.60 v _42292_/X (sky130_fd_sc_hd__a21o_2)
     3    0.01                           _13366_ (net)
                  0.10    0.00    6.60 v _42295_/A1 (sky130_fd_sc_hd__a21o_2)
                  0.09    0.40    7.00 v _42295_/X (sky130_fd_sc_hd__a21o_2)
     3    0.01                           _13369_ (net)
                  0.09    0.00    7.00 v _42304_/A2 (sky130_fd_sc_hd__a21o_2)
                  0.08    0.41    7.41 v _42304_/X (sky130_fd_sc_hd__a21o_2)
     2    0.01                           _13378_ (net)
                  0.08    0.00    7.41 v _42306_/A2 (sky130_fd_sc_hd__a21bo_2)
                  0.10    0.42    7.83 v _42306_/X (sky130_fd_sc_hd__a21bo_2)
     3    0.01                           _13380_ (net)
                  0.10    0.00    7.83 v _42313_/A (sky130_fd_sc_hd__and3_2)
                  0.10    0.40    8.24 v _42313_/X (sky130_fd_sc_hd__and3_2)
     3    0.01                           _13387_ (net)
                  0.10    0.00    8.24 v _42316_/C (sky130_fd_sc_hd__or3_2)
                  0.19    1.02    9.25 v _42316_/X (sky130_fd_sc_hd__or3_2)
     2    0.01                           _13390_ (net)
                  0.19    0.00    9.25 v _42318_/C1 (sky130_fd_sc_hd__o2111ai_2)
                  0.38    0.23    9.49 ^ _42318_/Y (sky130_fd_sc_hd__o2111ai_2)
     4    0.01                           _13392_ (net)
                  0.38    0.00    9.49 ^ _42432_/B1 (sky130_fd_sc_hd__o31a_2)
                  0.07    0.38    9.87 ^ _42432_/X (sky130_fd_sc_hd__o31a_2)
     2    0.00                           _13505_ (net)
                  0.07    0.00    9.87 ^ _42434_/A_N (sky130_fd_sc_hd__nand3b_2)
                  0.14    0.23   10.09 ^ _42434_/Y (sky130_fd_sc_hd__nand3b_2)
     2    0.01                           _13507_ (net)
                  0.14    0.00   10.09 ^ _42440_/A (sky130_fd_sc_hd__inv_2)
                  0.05    0.09   10.18 v _42440_/Y (sky130_fd_sc_hd__inv_2)
     2    0.01                           _13512_ (net)
                  0.05    0.00   10.18 v _42441_/A (sky130_fd_sc_hd__or3b_2)
                  0.15    1.02   11.21 v _42441_/X (sky130_fd_sc_hd__or3b_2)
     1    0.00                           _13513_ (net)
                  0.15    0.00   11.21 v _42442_/B1_N (sky130_fd_sc_hd__o21bai_2)
                  0.11    0.43   11.64 v _42442_/Y (sky130_fd_sc_hd__o21bai_2)
     1    0.00                           _13514_ (net)
                  0.11    0.00   11.64 v _42535_/A1 (sky130_fd_sc_hd__a21oi_2)
                  0.24    0.28   11.92 ^ _42535_/Y (sky130_fd_sc_hd__a21oi_2)
     2    0.01                           _13607_ (net)
                  0.24    0.00   11.92 ^ _42539_/A (sky130_fd_sc_hd__nor2b_2)
                  0.06    0.12   12.04 v _42539_/Y (sky130_fd_sc_hd__nor2b_2)
     1    0.00                           _00108_ (net)
                  0.06    0.00   12.04 v _47632_/D (sky130_fd_sc_hd__dfxtp_2)
                                 12.04   data arrival time

                  0.00   12.00   12.00   clock clk (rise edge)
                          0.00   12.00   clock network delay (ideal)
                          0.00   12.00   clock reconvergence pessimism
                                 12.00 ^ _47632_/CLK (sky130_fd_sc_hd__dfxtp_2)
                         -0.29   11.71   library setup time
                                 11.71   data required time
-----------------------------------------------------------------------------
                                 11.71   data required time
                                -12.04   data arrival time
-----------------------------------------------------------------------------
                                 -0.33   slack (VIOLATED)


% Startpoint: _47787_ (rising edge-triggered flip-flop clocked by clk)
Endpoint: _47787_ (rising edge-triggered flip-flop clocked by clk)
Path Group: clk
Path Type: min

Fanout     Cap    Slew   Delay    Time   Description
-----------------------------------------------------------------------------
                  0.00    0.00    0.00   clock clk (rise edge)
                          0.00    0.00   clock network delay (ideal)
                  0.00    0.00    0.00 ^ _47787_/CLK (sky130_fd_sc_hd__dfxtp_2)
                  0.03    0.18    0.18 ^ _47787_/Q (sky130_fd_sc_hd__dfxtp_2)
     2    0.00                           cpuregs[0][7] (net)
                  0.03    0.00    0.18 ^ _43687_/A (sky130_fd_sc_hd__buf_1)
                  0.02    0.04    0.23 ^ _43687_/X (sky130_fd_sc_hd__buf_1)
     1    0.00                           _00267_ (net)
                  0.02    0.00    0.23 ^ _47787_/D (sky130_fd_sc_hd__dfxtp_2)
                                  0.23   data arrival time

                  0.00    0.00    0.00   clock clk (rise edge)
                          0.00    0.00   clock network delay (ideal)
                          0.00    0.00   clock reconvergence pessimism
                                  0.00 ^ _47787_/CLK (sky130_fd_sc_hd__dfxtp_2)
                         -0.02   -0.02   library hold time
                                 -0.02   data required time
-----------------------------------------------------------------------------
                                 -0.02   data required time
                                 -0.23   data arrival time
-----------------------------------------------------------------------------
                                  0.24   slack (MET)


Startpoint: _48263_ (rising edge-triggered flip-flop clocked by clk)
Endpoint: _47632_ (rising edge-triggered flip-flop clocked by clk)
Path Group: clk
Path Type: max

Fanout     Cap    Slew   Delay    Time   Description
-----------------------------------------------------------------------------
                  0.00    0.00    0.00   clock clk (rise edge)
                          0.00    0.00   clock network delay (ideal)
                  0.00    0.00    0.00 ^ _48263_/CLK (sky130_fd_sc_hd__dfxtp_2)
                  0.06    0.61    0.61 ^ _48263_/Q (sky130_fd_sc_hd__dfxtp_2)
     2    0.00                           genblk1.pcpi_mul.rs2[31] (net)
                  0.06    0.00    0.61 ^ _34559_/A (sky130_fd_sc_hd__buf_1)
                  0.28    0.29    0.90 ^ _34559_/X (sky130_fd_sc_hd__buf_1)
     4    0.01                           _05662_ (net)
                  0.28    0.00    0.90 ^ _35125_/A (sky130_fd_sc_hd__buf_4)
                  0.09    0.31    1.21 ^ _35125_/X (sky130_fd_sc_hd__buf_4)
     4    0.01                           _06227_ (net)
                  0.09    0.00    1.21 ^ _35126_/A (sky130_fd_sc_hd__buf_1)
                  0.26    0.29    1.50 ^ _35126_/X (sky130_fd_sc_hd__buf_1)
     4    0.01                           _06228_ (net)
                  0.26    0.00    1.50 ^ _35127_/A (sky130_fd_sc_hd__buf_1)
                  0.31    0.39    1.89 ^ _35127_/X (sky130_fd_sc_hd__buf_1)
     4    0.02                           _06229_ (net)
                  0.31    0.00    1.89 ^ _38290_/A (sky130_fd_sc_hd__buf_1)
                  0.31    0.41    2.30 ^ _38290_/X (sky130_fd_sc_hd__buf_1)
     4    0.02                           _09383_ (net)
                  0.31    0.00    2.30 ^ _41538_/A (sky130_fd_sc_hd__buf_1)
                  0.32    0.41    2.71 ^ _41538_/X (sky130_fd_sc_hd__buf_1)
     4    0.02                           _12617_ (net)
                  0.32    0.00    2.71 ^ _42224_/C (sky130_fd_sc_hd__nand4_2)
                  0.31    0.40    3.11 v _42224_/Y (sky130_fd_sc_hd__nand4_2)
     3    0.01                           _13298_ (net)
                  0.31    0.00    3.11 v _42226_/A1_N (sky130_fd_sc_hd__o2bb2ai_2)
                  0.14    0.37    3.48 v _42226_/Y (sky130_fd_sc_hd__o2bb2ai_2)
     3    0.01                           _13300_ (net)
                  0.14    0.00    3.48 v _42229_/A2 (sky130_fd_sc_hd__a21o_2)
                  0.10    0.45    3.93 v _42229_/X (sky130_fd_sc_hd__a21o_2)
     3    0.01                           _13303_ (net)
                  0.10    0.00    3.93 v _42261_/A (sky130_fd_sc_hd__buf_1)
                  0.18    0.28    4.20 v _42261_/X (sky130_fd_sc_hd__buf_1)
     4    0.02                           _13335_ (net)
                  0.18    0.00    4.20 v _42262_/A2_N (sky130_fd_sc_hd__o2bb2ai_2)
                  0.14    0.29    4.50 v _42262_/Y (sky130_fd_sc_hd__o2bb2ai_2)
     3    0.01                           _13336_ (net)
                  0.14    0.00    4.50 v _42264_/B (sky130_fd_sc_hd__and3_2)
                  0.11    0.49    4.98 v _42264_/X (sky130_fd_sc_hd__and3_2)
     3    0.01                           _13338_ (net)
                  0.11    0.00    4.98 v _42269_/A2 (sky130_fd_sc_hd__o211ai_2)
                  0.21    0.25    5.23 ^ _42269_/Y (sky130_fd_sc_hd__o211ai_2)
     3    0.00                           _13343_ (net)
                  0.21    0.00    5.23 ^ _42270_/A (sky130_fd_sc_hd__buf_1)
                  0.28    0.36    5.59 ^ _42270_/X (sky130_fd_sc_hd__buf_1)
     4    0.01                           _13344_ (net)
                  0.28    0.00    5.59 ^ _42283_/B1 (sky130_fd_sc_hd__a22o_2)
                  0.12    0.38    5.97 ^ _42283_/X (sky130_fd_sc_hd__a22o_2)
     2    0.01                           _13357_ (net)
                  0.12    0.00    5.97 ^ _42285_/B (sky130_fd_sc_hd__nand3_2)
                  0.14    0.19    6.15 v _42285_/Y (sky130_fd_sc_hd__nand3_2)
     2    0.01                           _13359_ (net)
                  0.14    0.00    6.15 v _42292_/A2 (sky130_fd_sc_hd__a21o_2)
                  0.10    0.45    6.60 v _42292_/X (sky130_fd_sc_hd__a21o_2)
     3    0.01                           _13366_ (net)
                  0.10    0.00    6.60 v _42295_/A1 (sky130_fd_sc_hd__a21o_2)
                  0.09    0.40    7.00 v _42295_/X (sky130_fd_sc_hd__a21o_2)
     3    0.01                           _13369_ (net)
                  0.09    0.00    7.00 v _42304_/A2 (sky130_fd_sc_hd__a21o_2)
                  0.08    0.41    7.41 v _42304_/X (sky130_fd_sc_hd__a21o_2)
     2    0.01                           _13378_ (net)
                  0.08    0.00    7.41 v _42306_/A2 (sky130_fd_sc_hd__a21bo_2)
                  0.10    0.42    7.83 v _42306_/X (sky130_fd_sc_hd__a21bo_2)
     3    0.01                           _13380_ (net)
                  0.10    0.00    7.83 v _42313_/A (sky130_fd_sc_hd__and3_2)
                  0.10    0.40    8.24 v _42313_/X (sky130_fd_sc_hd__and3_2)
     3    0.01                           _13387_ (net)
                  0.10    0.00    8.24 v _42316_/C (sky130_fd_sc_hd__or3_2)
                  0.19    1.02    9.25 v _42316_/X (sky130_fd_sc_hd__or3_2)
     2    0.01                           _13390_ (net)
                  0.19    0.00    9.25 v _42318_/C1 (sky130_fd_sc_hd__o2111ai_2)
                  0.38    0.23    9.49 ^ _42318_/Y (sky130_fd_sc_hd__o2111ai_2)
     4    0.01                           _13392_ (net)
                  0.38    0.00    9.49 ^ _42432_/B1 (sky130_fd_sc_hd__o31a_2)
                  0.07    0.38    9.87 ^ _42432_/X (sky130_fd_sc_hd__o31a_2)
     2    0.00                           _13505_ (net)
                  0.07    0.00    9.87 ^ _42434_/A_N (sky130_fd_sc_hd__nand3b_2)
                  0.14    0.23   10.09 ^ _42434_/Y (sky130_fd_sc_hd__nand3b_2)
     2    0.01                           _13507_ (net)
                  0.14    0.00   10.09 ^ _42440_/A (sky130_fd_sc_hd__inv_2)
                  0.05    0.09   10.18 v _42440_/Y (sky130_fd_sc_hd__inv_2)
     2    0.01                           _13512_ (net)
                  0.05    0.00   10.18 v _42441_/A (sky130_fd_sc_hd__or3b_2)
                  0.15    1.02   11.21 v _42441_/X (sky130_fd_sc_hd__or3b_2)
     1    0.00                           _13513_ (net)
                  0.15    0.00   11.21 v _42442_/B1_N (sky130_fd_sc_hd__o21bai_2)
                  0.11    0.43   11.64 v _42442_/Y (sky130_fd_sc_hd__o21bai_2)
     1    0.00                           _13514_ (net)
                  0.11    0.00   11.64 v _42535_/A1 (sky130_fd_sc_hd__a21oi_2)
                  0.24    0.28   11.92 ^ _42535_/Y (sky130_fd_sc_hd__a21oi_2)
     2    0.01                           _13607_ (net)
                  0.24    0.00   11.92 ^ _42539_/A (sky130_fd_sc_hd__nor2b_2)
                  0.06    0.12   12.04 v _42539_/Y (sky130_fd_sc_hd__nor2b_2)
     1    0.00                           _00108_ (net)
                  0.06    0.00   12.04 v _47632_/D (sky130_fd_sc_hd__dfxtp_2)
                                 12.04   data arrival time

                  0.00   12.00   12.00   clock clk (rise edge)
                          0.00   12.00   clock network delay (ideal)
                          0.00   12.00   clock reconvergence pessimism
                                 12.00 ^ _47632_/CLK (sky130_fd_sc_hd__dfxtp_2)
                         -0.29   11.71   library setup time
                                 11.71   data required time
-----------------------------------------------------------------------------
                                 11.71   data required time
                                -12.04   data arrival time
-----------------------------------------------------------------------------
                                 -0.33   slack (VIOLATED)


tns -1.70
wns -0.33
% % [3;J[H[2J
% Startpoint: _47787_ (rising edge-triggered flip-flop clocked by clk)
Endpoint: _47787_ (rising edge-triggered flip-flop clocked by clk)
Path Group: clk
Path Type: min

Fanout     Cap    Slew   Delay    Time   Description
-----------------------------------------------------------------------------
                  0.00    0.00    0.00   clock clk (rise edge)
                          0.00    0.00   clock network delay (ideal)
                  0.00    0.00    0.00 ^ _47787_/CLK (sky130_fd_sc_hd__dfxtp_2)
                  0.03    0.18    0.18 ^ _47787_/Q (sky130_fd_sc_hd__dfxtp_2)
     2    0.00                           cpuregs[0][7] (net)
                  0.03    0.00    0.18 ^ _43687_/A (sky130_fd_sc_hd__buf_1)
                  0.02    0.04    0.23 ^ _43687_/X (sky130_fd_sc_hd__buf_1)
     1    0.00                           _00267_ (net)
                  0.02    0.00    0.23 ^ _47787_/D (sky130_fd_sc_hd__dfxtp_2)
                                  0.23   data arrival time

                  0.00    0.00    0.00   clock clk (rise edge)
                          0.00    0.00   clock network delay (ideal)
                          0.00    0.00   clock reconvergence pessimism
                                  0.00 ^ _47787_/CLK (sky130_fd_sc_hd__dfxtp_2)
                         -0.02   -0.02   library hold time
                                 -0.02   data required time
-----------------------------------------------------------------------------
                                 -0.02   data required time
                                 -0.23   data arrival time
-----------------------------------------------------------------------------
                                  0.24   slack (MET)


Startpoint: _48263_ (rising edge-triggered flip-flop clocked by clk)
Endpoint: _47632_ (rising edge-triggered flip-flop clocked by clk)
Path Group: clk
Path Type: max

Fanout     Cap    Slew   Delay    Time   Description
-----------------------------------------------------------------------------
                  0.00    0.00    0.00   clock clk (rise edge)
                          0.00    0.00   clock network delay (ideal)
                  0.00    0.00    0.00 ^ _48263_/CLK (sky130_fd_sc_hd__dfxtp_2)
                  0.06    0.61    0.61 ^ _48263_/Q (sky130_fd_sc_hd__dfxtp_2)
     2    0.00                           genblk1.pcpi_mul.rs2[31] (net)
                  0.06    0.00    0.61 ^ _34559_/A (sky130_fd_sc_hd__buf_1)
                  0.28    0.29    0.90 ^ _34559_/X (sky130_fd_sc_hd__buf_1)
     4    0.01                           _05662_ (net)
                  0.28    0.00    0.90 ^ _35125_/A (sky130_fd_sc_hd__buf_4)
                  0.09    0.31    1.21 ^ _35125_/X (sky130_fd_sc_hd__buf_4)
     4    0.01                           _06227_ (net)
                  0.09    0.00    1.21 ^ _35126_/A (sky130_fd_sc_hd__buf_1)
                  0.26    0.29    1.50 ^ _35126_/X (sky130_fd_sc_hd__buf_1)
     4    0.01                           _06228_ (net)
                  0.26    0.00    1.50 ^ _35127_/A (sky130_fd_sc_hd__buf_1)
                  0.31    0.39    1.89 ^ _35127_/X (sky130_fd_sc_hd__buf_1)
     4    0.02                           _06229_ (net)
                  0.31    0.00    1.89 ^ _38290_/A (sky130_fd_sc_hd__buf_1)
                  0.31    0.41    2.30 ^ _38290_/X (sky130_fd_sc_hd__buf_1)
     4    0.02                           _09383_ (net)
                  0.31    0.00    2.30 ^ _41538_/A (sky130_fd_sc_hd__buf_1)
                  0.32    0.41    2.71 ^ _41538_/X (sky130_fd_sc_hd__buf_1)
     4    0.02                           _12617_ (net)
                  0.32    0.00    2.71 ^ _42224_/C (sky130_fd_sc_hd__nand4_2)
                  0.31    0.40    3.11 v _42224_/Y (sky130_fd_sc_hd__nand4_2)
     3    0.01                           _13298_ (net)
                  0.31    0.00    3.11 v _42226_/A1_N (sky130_fd_sc_hd__o2bb2ai_2)
                  0.14    0.37    3.48 v _42226_/Y (sky130_fd_sc_hd__o2bb2ai_2)
     3    0.01                           _13300_ (net)
                  0.14    0.00    3.48 v _42229_/A2 (sky130_fd_sc_hd__a21o_2)
                  0.10    0.45    3.93 v _42229_/X (sky130_fd_sc_hd__a21o_2)
     3    0.01                           _13303_ (net)
                  0.10    0.00    3.93 v _42261_/A (sky130_fd_sc_hd__buf_1)
                  0.18    0.28    4.20 v _42261_/X (sky130_fd_sc_hd__buf_1)
     4    0.02                           _13335_ (net)
                  0.18    0.00    4.20 v _42262_/A2_N (sky130_fd_sc_hd__o2bb2ai_2)
                  0.14    0.29    4.50 v _42262_/Y (sky130_fd_sc_hd__o2bb2ai_2)
     3    0.01                           _13336_ (net)
                  0.14    0.00    4.50 v _42264_/B (sky130_fd_sc_hd__and3_2)
                  0.11    0.49    4.98 v _42264_/X (sky130_fd_sc_hd__and3_2)
     3    0.01                           _13338_ (net)
                  0.11    0.00    4.98 v _42269_/A2 (sky130_fd_sc_hd__o211ai_2)
                  0.21    0.25    5.23 ^ _42269_/Y (sky130_fd_sc_hd__o211ai_2)
     3    0.00                           _13343_ (net)
                  0.21    0.00    5.23 ^ _42270_/A (sky130_fd_sc_hd__buf_1)
                  0.28    0.36    5.59 ^ _42270_/X (sky130_fd_sc_hd__buf_1)
     4    0.01                           _13344_ (net)
                  0.28    0.00    5.59 ^ _42283_/B1 (sky130_fd_sc_hd__a22o_2)
                  0.12    0.38    5.97 ^ _42283_/X (sky130_fd_sc_hd__a22o_2)
     2    0.01                           _13357_ (net)
                  0.12    0.00    5.97 ^ _42285_/B (sky130_fd_sc_hd__nand3_2)
                  0.14    0.19    6.15 v _42285_/Y (sky130_fd_sc_hd__nand3_2)
     2    0.01                           _13359_ (net)
                  0.14    0.00    6.15 v _42292_/A2 (sky130_fd_sc_hd__a21o_2)
                  0.10    0.45    6.60 v _42292_/X (sky130_fd_sc_hd__a21o_2)
     3    0.01                           _13366_ (net)
                  0.10    0.00    6.60 v _42295_/A1 (sky130_fd_sc_hd__a21o_2)
                  0.09    0.40    7.00 v _42295_/X (sky130_fd_sc_hd__a21o_2)
     3    0.01                           _13369_ (net)
                  0.09    0.00    7.00 v _42304_/A2 (sky130_fd_sc_hd__a21o_2)
                  0.08    0.41    7.41 v _42304_/X (sky130_fd_sc_hd__a21o_2)
     2    0.01                           _13378_ (net)
                  0.08    0.00    7.41 v _42306_/A2 (sky130_fd_sc_hd__a21bo_2)
                  0.10    0.42    7.83 v _42306_/X (sky130_fd_sc_hd__a21bo_2)
     3    0.01                           _13380_ (net)
                  0.10    0.00    7.83 v _42313_/A (sky130_fd_sc_hd__and3_2)
                  0.10    0.40    8.24 v _42313_/X (sky130_fd_sc_hd__and3_2)
     3    0.01                           _13387_ (net)
                  0.10    0.00    8.24 v _42316_/C (sky130_fd_sc_hd__or3_2)
                  0.19    1.02    9.25 v _42316_/X (sky130_fd_sc_hd__or3_2)
     2    0.01                           _13390_ (net)
                  0.19    0.00    9.25 v _42318_/C1 (sky130_fd_sc_hd__o2111ai_2)
                  0.38    0.23    9.49 ^ _42318_/Y (sky130_fd_sc_hd__o2111ai_2)
     4    0.01                           _13392_ (net)
                  0.38    0.00    9.49 ^ _42432_/B1 (sky130_fd_sc_hd__o31a_2)
                  0.07    0.38    9.87 ^ _42432_/X (sky130_fd_sc_hd__o31a_2)
     2    0.00                           _13505_ (net)
                  0.07    0.00    9.87 ^ _42434_/A_N (sky130_fd_sc_hd__nand3b_2)
                  0.14    0.23   10.09 ^ _42434_/Y (sky130_fd_sc_hd__nand3b_2)
     2    0.01                           _13507_ (net)
                  0.14    0.00   10.09 ^ _42440_/A (sky130_fd_sc_hd__inv_2)
                  0.05    0.09   10.18 v _42440_/Y (sky130_fd_sc_hd__inv_2)
     2    0.01                           _13512_ (net)
                  0.05    0.00   10.18 v _42441_/A (sky130_fd_sc_hd__or3b_2)
                  0.15    1.02   11.21 v _42441_/X (sky130_fd_sc_hd__or3b_2)
     1    0.00                           _13513_ (net)
                  0.15    0.00   11.21 v _42442_/B1_N (sky130_fd_sc_hd__o21bai_2)
                  0.11    0.43   11.64 v _42442_/Y (sky130_fd_sc_hd__o21bai_2)
     1    0.00                           _13514_ (net)
                  0.11    0.00   11.64 v _42535_/A1 (sky130_fd_sc_hd__a21oi_2)
                  0.24    0.28   11.92 ^ _42535_/Y (sky130_fd_sc_hd__a21oi_2)
     2    0.01                           _13607_ (net)
                  0.24    0.00   11.92 ^ _42539_/A (sky130_fd_sc_hd__nor2b_2)
                  0.06    0.12   12.04 v _42539_/Y (sky130_fd_sc_hd__nor2b_2)
     1    0.00                           _00108_ (net)
                  0.06    0.00   12.04 v _47632_/D (sky130_fd_sc_hd__dfxtp_2)
                                 12.04   data arrival time

                  0.00   12.00   12.00   clock clk (rise edge)
                          0.00   12.00   clock network delay (ideal)
                          0.00   12.00   clock reconvergence pessimism
                                 12.00 ^ _47632_/CLK (sky130_fd_sc_hd__dfxtp_2)
                         -0.29   11.71   library setup time
                                 11.71   data required time
-----------------------------------------------------------------------------
                                 11.71   data required time
                                -12.04   data arrival time
-----------------------------------------------------------------------------
                                 -0.33   slack (VIOLATED)


tns -1.70
wns -0.33
% Net _06229_
Driver pins
 _35127_/X output (sky130_fd_sc_hd__buf_1)

Load pins
 _35131_/A2 input (sky130_fd_sc_hd__a22oi_2)
 _38290_/A input (sky130_fd_sc_hd__buf_1)
 _40578_/A2 input (sky130_fd_sc_hd__a22oi_2)
 _40831_/C input (sky130_fd_sc_hd__nand4_2)

% 1
% Startpoint: _47787_ (rising edge-triggered flip-flop clocked by clk)
Endpoint: _47787_ (rising edge-triggered flip-flop clocked by clk)
Path Group: clk
Path Type: min

Fanout     Cap    Slew   Delay    Time   Description
-----------------------------------------------------------------------------
                  0.00    0.00    0.00   clock clk (rise edge)
                          0.00    0.00   clock network delay (ideal)
                  0.00    0.00    0.00 ^ _47787_/CLK (sky130_fd_sc_hd__dfxtp_2)
                  0.03    0.18    0.18 ^ _47787_/Q (sky130_fd_sc_hd__dfxtp_2)
     2    0.00                           cpuregs[0][7] (net)
                  0.03    0.00    0.18 ^ _43687_/A (sky130_fd_sc_hd__buf_1)
                  0.02    0.04    0.23 ^ _43687_/X (sky130_fd_sc_hd__buf_1)
     1    0.00                           _00267_ (net)
                  0.02    0.00    0.23 ^ _47787_/D (sky130_fd_sc_hd__dfxtp_2)
                                  0.23   data arrival time

                  0.00    0.00    0.00   clock clk (rise edge)
                          0.00    0.00   clock network delay (ideal)
                          0.00    0.00   clock reconvergence pessimism
                                  0.00 ^ _47787_/CLK (sky130_fd_sc_hd__dfxtp_2)
                         -0.02   -0.02   library hold time
                                 -0.02   data required time
-----------------------------------------------------------------------------
                                 -0.02   data required time
                                 -0.23   data arrival time
-----------------------------------------------------------------------------
                                  0.24   slack (MET)


Startpoint: _48263_ (rising edge-triggered flip-flop clocked by clk)
Endpoint: _47633_ (rising edge-triggered flip-flop clocked by clk)
Path Group: clk
Path Type: max

Fanout     Cap    Slew   Delay    Time   Description
-----------------------------------------------------------------------------
                  0.00    0.00    0.00   clock clk (rise edge)
                          0.00    0.00   clock network delay (ideal)
                  0.00    0.00    0.00 ^ _48263_/CLK (sky130_fd_sc_hd__dfxtp_2)
                  0.06    0.61    0.61 ^ _48263_/Q (sky130_fd_sc_hd__dfxtp_2)
     2    0.00                           genblk1.pcpi_mul.rs2[31] (net)
                  0.06    0.00    0.61 ^ _34565_/A (sky130_fd_sc_hd__buf_1)
                  0.27    0.29    0.90 ^ _34565_/X (sky130_fd_sc_hd__buf_1)
     4    0.01                           _05668_ (net)
                  0.27    0.00    0.90 ^ _34566_/A (sky130_fd_sc_hd__buf_1)
                  0.21    0.33    1.23 ^ _34566_/X (sky130_fd_sc_hd__buf_1)
     4    0.01                           _05669_ (net)
                  0.21    0.00    1.23 ^ _34567_/A (sky130_fd_sc_hd__buf_1)
                  0.31    0.38    1.61 ^ _34567_/X (sky130_fd_sc_hd__buf_1)
     4    0.02                           _05670_ (net)
                  0.31    0.00    1.61 ^ _34568_/A (sky130_fd_sc_hd__buf_1)
                  0.31    0.41    2.02 ^ _34568_/X (sky130_fd_sc_hd__buf_1)
     4    0.02                           _05671_ (net)
                  0.31    0.00    2.02 ^ _35142_/A (sky130_fd_sc_hd__buf_1)
                  0.31    0.41    2.43 ^ _35142_/X (sky130_fd_sc_hd__buf_1)
     4    0.02                           _06244_ (net)
                  0.31    0.00    2.43 ^ _35143_/A (sky130_fd_sc_hd__buf_1)
                  0.23    0.35    2.77 ^ _35143_/X (sky130_fd_sc_hd__buf_1)
     4    0.01                           _06245_ (net)
                  0.23    0.00    2.77 ^ _42352_/A (sky130_fd_sc_hd__buf_1)
                  0.36    0.42    3.19 ^ _42352_/X (sky130_fd_sc_hd__buf_1)
     4    0.02                           _13425_ (net)
                  0.36    0.00    3.19 ^ _42457_/B (sky130_fd_sc_hd__nand3_2)
                  0.17    0.28    3.47 v _42457_/Y (sky130_fd_sc_hd__nand3_2)
     2    0.01                           _13529_ (net)
                  0.17    0.00    3.47 v _42459_/A2 (sky130_fd_sc_hd__o2111ai_2)
                  0.27    0.33    3.80 ^ _42459_/Y (sky130_fd_sc_hd__o2111ai_2)
     3    0.01                           _13531_ (net)
                  0.27    0.00    3.80 ^ _42467_/A (sky130_fd_sc_hd__buf_1)
                  0.31    0.40    4.20 ^ _42467_/X (sky130_fd_sc_hd__buf_1)
     4    0.02                           _13539_ (net)
                  0.31    0.00    4.20 ^ _42470_/A1 (sky130_fd_sc_hd__a21oi_2)
                  0.15    0.24    4.44 v _42470_/Y (sky130_fd_sc_hd__a21oi_2)
     3    0.01                           _13542_ (net)
                  0.15    0.00    4.44 v _42477_/A1 (sky130_fd_sc_hd__o21ai_2)
                  0.17    0.26    4.70 ^ _42477_/Y (sky130_fd_sc_hd__o21ai_2)
     1    0.00                           _13549_ (net)
                  0.17    0.00    4.70 ^ _42478_/C (sky130_fd_sc_hd__nand3_2)
                  0.16    0.23    4.93 v _42478_/Y (sky130_fd_sc_hd__nand3_2)
     3    0.01                           _13550_ (net)
                  0.16    0.00    4.93 v _42479_/A (sky130_fd_sc_hd__buf_1)
                  0.18    0.31    5.23 v _42479_/X (sky130_fd_sc_hd__buf_1)
     4    0.02                           _13551_ (net)
                  0.18    0.00    5.23 v _42480_/C (sky130_fd_sc_hd__nand3b_2)
                  0.16    0.23    5.46 ^ _42480_/Y (sky130_fd_sc_hd__nand3b_2)
     3    0.01                           _13552_ (net)
                  0.16    0.00    5.46 ^ _42484_/B (sky130_fd_sc_hd__nand3_2)
                  0.20    0.26    5.72 v _42484_/Y (sky130_fd_sc_hd__nand3_2)
     4    0.01                           _13556_ (net)
                  0.20    0.00    5.72 v _42497_/A (sky130_fd_sc_hd__and3_2)
                  0.10    0.46    6.18 v _42497_/X (sky130_fd_sc_hd__and3_2)
     3    0.01                           _13569_ (net)
                  0.10    0.00    6.18 v _42499_/A1 (sky130_fd_sc_hd__o21bai_2)
                  0.33    0.36    6.53 ^ _42499_/Y (sky130_fd_sc_hd__o21bai_2)
     4    0.01                           _13571_ (net)
                  0.33    0.00    6.53 ^ _42512_/A2 (sky130_fd_sc_hd__a21bo_2)
                  0.11    0.39    6.92 ^ _42512_/X (sky130_fd_sc_hd__a21bo_2)
     2    0.01                           _13584_ (net)
                  0.11    0.00    6.92 ^ _42513_/C (sky130_fd_sc_hd__nand3_2)
                  0.14    0.19    7.11 v _42513_/Y (sky130_fd_sc_hd__nand3_2)
     2    0.01                           _13585_ (net)
                  0.14    0.00    7.11 v _42520_/C (sky130_fd_sc_hd__and3_2)
                  0.11    0.52    7.62 v _42520_/X (sky130_fd_sc_hd__and3_2)
     3    0.01                           _13592_ (net)
                  0.11    0.00    7.62 v _42523_/C1 (sky130_fd_sc_hd__a211o_2)
                  0.11    0.56    8.18 v _42523_/X (sky130_fd_sc_hd__a211o_2)
     3    0.01                           _13595_ (net)
                  0.11    0.00    8.18 v _42526_/A2 (sky130_fd_sc_hd__a21bo_2)
                  0.10    0.44    8.62 v _42526_/X (sky130_fd_sc_hd__a21bo_2)
     3    0.01                           _13598_ (net)
                  0.10    0.00    8.62 v _42527_/C (sky130_fd_sc_hd__and3_2)
                  0.09    0.47    9.09 v _42527_/X (sky130_fd_sc_hd__and3_2)
     2    0.01                           _13599_ (net)
                  0.09    0.00    9.09 v _42530_/C (sky130_fd_sc_hd__or4_2)
                  0.23    1.47   10.56 v _42530_/X (sky130_fd_sc_hd__or4_2)
     1    0.00                           _13602_ (net)
                  0.23    0.00   10.56 v _42531_/B1 (sky130_fd_sc_hd__o21ai_2)
                  0.24    0.19   10.75 ^ _42531_/Y (sky130_fd_sc_hd__o21ai_2)
     3    0.01                           _13603_ (net)
                  0.24    0.00   10.75 ^ _42533_/B1 (sky130_fd_sc_hd__a21oi_2)
                  0.10    0.12   10.87 v _42533_/Y (sky130_fd_sc_hd__a21oi_2)
     2    0.01                           _13605_ (net)
                  0.10    0.00   10.87 v _42534_/B (sky130_fd_sc_hd__or2_2)
                  0.17    0.71   11.58 v _42534_/X (sky130_fd_sc_hd__or2_2)
     3    0.01                           _13606_ (net)
                  0.17    0.00   11.58 v _42583_/A1 (sky130_fd_sc_hd__o211ai_2)
                  0.21    0.30   11.88 ^ _42583_/Y (sky130_fd_sc_hd__o211ai_2)
     1    0.00                           _13654_ (net)
                  0.21    0.00   11.88 ^ _42584_/B (sky130_fd_sc_hd__nand2_2)
                  0.05    0.13   12.01 v _42584_/Y (sky130_fd_sc_hd__nand2_2)
     1    0.00                           _00109_ (net)
                  0.05    0.00   12.01 v _47633_/D (sky130_fd_sc_hd__dfxtp_2)
                                 12.01   data arrival time

                  0.00   12.00   12.00   clock clk (rise edge)
                          0.00   12.00   clock network delay (ideal)
                          0.00   12.00   clock reconvergence pessimism
                                 12.00 ^ _47633_/CLK (sky130_fd_sc_hd__dfxtp_2)
                         -0.29   11.71   library setup time
                                 11.71   data required time
-----------------------------------------------------------------------------
                                 11.71   data required time
                                -12.01   data arrival time
-----------------------------------------------------------------------------
                                 -0.30   slack (VIOLATED)


tns -1.62
wns -0.30
% Startpoint: _48263_ (rising edge-triggered flip-flop clocked by clk)
Endpoint: _47632_ (rising edge-triggered flip-flop clocked by clk)
Path Group: clk
Path Type: max

  Delay    Time   Description
---------------------------------------------------------
   0.00    0.00   clock clk (rise edge)
   0.00    0.00   clock network delay (ideal)
   0.00    0.00 ^ _48263_/CLK (sky130_fd_sc_hd__dfxtp_2)
   0.61    0.61 ^ _48263_/Q (sky130_fd_sc_hd__dfxtp_2)
   0.29    0.90 ^ _34559_/X (sky130_fd_sc_hd__buf_1)
   0.31    1.21 ^ _35125_/X (sky130_fd_sc_hd__buf_4)
   0.29    1.50 ^ _35126_/X (sky130_fd_sc_hd__buf_1)
   0.31    1.81 ^ _35127_/X (sky130_fd_sc_hd__buf_4)
   0.33    2.14 ^ _38290_/X (sky130_fd_sc_hd__buf_1)
   0.41    2.56 ^ _41538_/X (sky130_fd_sc_hd__buf_1)
   0.40    2.96 v _42224_/Y (sky130_fd_sc_hd__nand4_2)
   0.37    3.32 v _42226_/Y (sky130_fd_sc_hd__o2bb2ai_2)
   0.45    3.77 v _42229_/X (sky130_fd_sc_hd__a21o_2)
   0.28    4.05 v _42261_/X (sky130_fd_sc_hd__buf_1)
   0.29    4.34 v _42262_/Y (sky130_fd_sc_hd__o2bb2ai_2)
   0.49    4.83 v _42264_/X (sky130_fd_sc_hd__and3_2)
   0.25    5.07 ^ _42269_/Y (sky130_fd_sc_hd__o211ai_2)
   0.36    5.43 ^ _42270_/X (sky130_fd_sc_hd__buf_1)
   0.38    5.81 ^ _42283_/X (sky130_fd_sc_hd__a22o_2)
   0.19    6.00 v _42285_/Y (sky130_fd_sc_hd__nand3_2)
   0.45    6.45 v _42292_/X (sky130_fd_sc_hd__a21o_2)
   0.40    6.85 v _42295_/X (sky130_fd_sc_hd__a21o_2)
   0.41    7.25 v _42304_/X (sky130_fd_sc_hd__a21o_2)
   0.42    7.68 v _42306_/X (sky130_fd_sc_hd__a21bo_2)
   0.40    8.08 v _42313_/X (sky130_fd_sc_hd__and3_2)
   1.02    9.10 v _42316_/X (sky130_fd_sc_hd__or3_2)
   0.23    9.33 ^ _42318_/Y (sky130_fd_sc_hd__o2111ai_2)
   0.38    9.71 ^ _42432_/X (sky130_fd_sc_hd__o31a_2)
   0.23    9.94 ^ _42434_/Y (sky130_fd_sc_hd__nand3b_2)
   0.09   10.03 v _42440_/Y (sky130_fd_sc_hd__inv_2)
   1.02   11.05 v _42441_/X (sky130_fd_sc_hd__or3b_2)
   0.43   11.48 v _42442_/Y (sky130_fd_sc_hd__o21bai_2)
   0.28   11.76 ^ _42535_/Y (sky130_fd_sc_hd__a21oi_2)
   0.12   11.88 v _42539_/Y (sky130_fd_sc_hd__nor2b_2)
   0.00   11.88 v _47632_/D (sky130_fd_sc_hd__dfxtp_2)
          11.88   data arrival time

  12.00   12.00   clock clk (rise edge)
   0.00   12.00   clock network delay (ideal)
   0.00   12.00   clock reconvergence pessimism
          12.00 ^ _47632_/CLK (sky130_fd_sc_hd__dfxtp_2)
  -0.29   11.71   library setup time
          11.71   data required time
---------------------------------------------------------
          11.71   data required time
         -11.88   data arrival time
---------------------------------------------------------
          -0.17   slack (VIOLATED)


% [3;J[H[2J
% 