OpenSTA 2.4.0 41a51eaf4c Copyright (c) 2021, Parallax Software, Inc.
License GPLv3: GNU GPL version 3 <http://gnu.org/licenses/gpl.html>

This is free software, and you are free to change and redistribute it
under certain conditions; type `show_copying' for details. 
This program comes with ABSOLUTELY NO WARRANTY; for details type `show_warranty'.
[INFO]: Setting output delay to: 2.4000000000000004
[INFO]: Setting input delay to: 2.4000000000000004
[INFO]: Setting load to: 0.017653
Startpoint: _47777_ (rising edge-triggered flip-flop clocked by clk)
Endpoint: _47777_ (rising edge-triggered flip-flop clocked by clk)
Path Group: clk
Path Type: min

Fanout     Cap    Slew   Delay    Time   Description
-----------------------------------------------------------------------------
                  0.00    0.00    0.00   clock clk (rise edge)
                          0.00    0.00   clock network delay (ideal)
                  0.00    0.00    0.00 ^ _47777_/CLK (sky130_fd_sc_hd__dfxtp_2)
                  0.03    0.18    0.18 ^ _47777_/Q (sky130_fd_sc_hd__dfxtp_2)
     2    0.00                           cpuregs[0][1] (net)
                  0.03    0.00    0.18 ^ _43688_/A (sky130_fd_sc_hd__buf_1)
                  0.02    0.04    0.23 ^ _43688_/X (sky130_fd_sc_hd__buf_1)
     1    0.00                           _00261_ (net)
                  0.02    0.00    0.23 ^ _47777_/D (sky130_fd_sc_hd__dfxtp_2)
                                  0.23   data arrival time

                  0.00    0.00    0.00   clock clk (rise edge)
                          0.00    0.00   clock network delay (ideal)
                          0.00    0.00   clock reconvergence pessimism
                                  0.00 ^ _47777_/CLK (sky130_fd_sc_hd__dfxtp_2)
                         -0.02   -0.02   library hold time
                                 -0.02   data required time
-----------------------------------------------------------------------------
                                 -0.02   data required time
                                 -0.23   data arrival time
-----------------------------------------------------------------------------
                                  0.24   slack (MET)


Startpoint: _48585_ (rising edge-triggered flip-flop clocked by clk)
Endpoint: _48904_ (rising edge-triggered flip-flop clocked by clk)
Path Group: clk
Path Type: max

Fanout     Cap    Slew   Delay    Time   Description
-----------------------------------------------------------------------------
                  0.00    0.00    0.00   clock clk (rise edge)
                          0.00    0.00   clock network delay (ideal)
                  0.00    0.00    0.00 ^ _48585_/CLK (sky130_fd_sc_hd__dfxtp_2)
                  0.13    0.65    0.65 v _48585_/Q (sky130_fd_sc_hd__dfxtp_2)
     4    0.03                           mem_la_wdata[0] (net)
                  0.13    0.00    0.65 v _23736_/A (sky130_fd_sc_hd__buf_1)
                  0.12    0.25    0.90 v _23736_/X (sky130_fd_sc_hd__buf_1)
     4    0.01                           _17202_ (net)
                  0.12    0.00    0.90 v _27356_/A (sky130_fd_sc_hd__nor3_2)
                  0.28    0.37    1.27 ^ _27356_/Y (sky130_fd_sc_hd__nor3_2)
     2    0.01                           _20674_ (net)
                  0.28    0.00    1.27 ^ _27393_/A (sky130_fd_sc_hd__nand4_2)
                  0.26    0.30    1.56 v _27393_/Y (sky130_fd_sc_hd__nand4_2)
     3    0.01                           _20708_ (net)
                  0.26    0.00    1.56 v _27423_/D (sky130_fd_sc_hd__nor4_2)
                  0.47    0.41    1.97 ^ _27423_/Y (sky130_fd_sc_hd__nor4_2)
     3    0.01                           _20735_ (net)
                  0.47    0.00    1.97 ^ _27450_/D_N (sky130_fd_sc_hd__or4b_2)
                  0.25    1.56    3.52 v _27450_/X (sky130_fd_sc_hd__or4b_2)
     2    0.01                           _20759_ (net)
                  0.25    0.00    3.52 v _27451_/A (sky130_fd_sc_hd__buf_1)
                  0.18    0.34    3.87 v _27451_/X (sky130_fd_sc_hd__buf_1)
     4    0.01                           _20760_ (net)
                  0.18    0.00    3.87 v _27479_/D (sky130_fd_sc_hd__nor4_2)
                  0.48    0.38    4.25 ^ _27479_/Y (sky130_fd_sc_hd__nor4_2)
     3    0.01                           _20785_ (net)
                  0.48    0.00    4.25 ^ _27509_/D_N (sky130_fd_sc_hd__or4b_2)
                  0.28    1.60    5.85 v _27509_/X (sky130_fd_sc_hd__or4b_2)
     4    0.01                           _20812_ (net)
                  0.28    0.00    5.85 v _27533_/D (sky130_fd_sc_hd__nor4_2)
                  0.48    0.42    6.27 ^ _27533_/Y (sky130_fd_sc_hd__nor4_2)
     3    0.01                           _20833_ (net)
                  0.48    0.00    6.27 ^ _27550_/C_N (sky130_fd_sc_hd__or3b_2)
                  0.18    1.17    7.44 v _27550_/X (sky130_fd_sc_hd__or3b_2)
     3    0.00                           _20848_ (net)
                  0.18    0.00    7.44 v _27576_/D (sky130_fd_sc_hd__or4_2)
                  0.23    1.35    8.79 v _27576_/X (sky130_fd_sc_hd__or4_2)
     2    0.00                           _20871_ (net)
                  0.23    0.00    8.79 v _27579_/A2 (sky130_fd_sc_hd__a21o_2)
                  0.08    0.46    9.25 v _27579_/X (sky130_fd_sc_hd__a21o_2)
     2    0.01                           _20874_ (net)
                  0.08    0.00    9.25 v _27580_/C (sky130_fd_sc_hd__and3b_2)
                  0.08    0.44    9.69 v _27580_/X (sky130_fd_sc_hd__and3b_2)
     2    0.00                           _20875_ (net)
                  0.08    0.00    9.69 v _27582_/A (sky130_fd_sc_hd__or2_2)
                  0.15    0.72   10.42 v _27582_/X (sky130_fd_sc_hd__or2_2)
     2    0.01                           _20877_ (net)
                  0.15    0.00   10.42 v _27603_/B (sky130_fd_sc_hd__or3b_2)
                  0.18    1.08   11.49 v _27603_/X (sky130_fd_sc_hd__or3b_2)
     1    0.00                           _20896_ (net)
                  0.18    0.00   11.49 v _27605_/A1 (sky130_fd_sc_hd__o21ai_2)
                  0.31    0.38   11.87 ^ _27605_/Y (sky130_fd_sc_hd__o21ai_2)
     2    0.01                           _20898_ (net)
                  0.31    0.00   11.87 ^ _27607_/B (sky130_fd_sc_hd__nand2_2)
                  0.11    0.21   12.08 v _27607_/Y (sky130_fd_sc_hd__nand2_2)
     3    0.01                           _20899_ (net)
                  0.11    0.00   12.08 v _27618_/B (sky130_fd_sc_hd__and3b_2)
                  0.06    0.40   12.48 v _27618_/X (sky130_fd_sc_hd__and3b_2)
     1    0.00                           _20910_ (net)
                  0.06    0.00   12.48 v _27619_/B (sky130_fd_sc_hd__or2_2)
                  0.10    0.60   13.08 v _27619_/X (sky130_fd_sc_hd__or2_2)
     1    0.00                           _00039_ (net)
                  0.10    0.00   13.08 v _48904_/D (sky130_fd_sc_hd__dfxtp_2)
                                 13.08   data arrival time

                  0.00   12.00   12.00   clock clk (rise edge)
                          0.00   12.00   clock network delay (ideal)
                          0.00   12.00   clock reconvergence pessimism
                                 12.00 ^ _48904_/CLK (sky130_fd_sc_hd__dfxtp_2)
                         -0.31   11.69   library setup time
                                 11.69   data required time
-----------------------------------------------------------------------------
                                 11.69   data required time
                                -13.08   data arrival time
-----------------------------------------------------------------------------
                                 -1.39   slack (VIOLATED)


tns -14.08
wns -1.39
% 