OpenSTA 2.4.0 41a51eaf4c Copyright (c) 2021, Parallax Software, Inc.
License GPLv3: GNU GPL version 3 <http://gnu.org/licenses/gpl.html>

This is free software, and you are free to change and redistribute it
under certain conditions; type `show_copying' for details. 
This program comes with ABSOLUTELY NO WARRANTY; for details type `show_warranty'.
[INFO]: Setting output delay to: 2.4000000000000004
[INFO]: Setting input delay to: 2.4000000000000004
[INFO]: Setting load to: 0.017653
Startpoint: _57631_ (rising edge-triggered flip-flop clocked by clk)
Endpoint: _57631_ (rising edge-triggered flip-flop clocked by clk)
Path Group: clk
Path Type: min

Fanout     Cap    Slew   Delay    Time   Description
-----------------------------------------------------------------------------
                  0.00    0.00    0.00   clock clk (rise edge)
                          0.00    0.00   clock network delay (ideal)
                  0.00    0.00    0.00 ^ _57631_/CLK (sky130_fd_sc_hd__dfxtp_2)
                  0.03    0.18    0.18 ^ _57631_/Q (sky130_fd_sc_hd__dfxtp_2)
     2    0.00                           cpuregs[0][1] (net)
                  0.03    0.00    0.18 ^ _52785_/A (sky130_fd_sc_hd__buf_1)
                  0.02    0.04    0.23 ^ _52785_/X (sky130_fd_sc_hd__buf_1)
     1    0.00                           _00261_ (net)
                  0.02    0.00    0.23 ^ _57631_/D (sky130_fd_sc_hd__dfxtp_2)
                                  0.23   data arrival time

                  0.00    0.00    0.00   clock clk (rise edge)
                          0.00    0.00   clock network delay (ideal)
                          0.00    0.00   clock reconvergence pessimism
                                  0.00 ^ _57631_/CLK (sky130_fd_sc_hd__dfxtp_2)
                         -0.02   -0.02   library hold time
                                 -0.02   data required time
-----------------------------------------------------------------------------
                                 -0.02   data required time
                                 -0.23   data arrival time
-----------------------------------------------------------------------------
                                  0.24   slack (MET)


Startpoint: _58439_ (rising edge-triggered flip-flop clocked by clk)
Endpoint: _58758_ (rising edge-triggered flip-flop clocked by clk)
Path Group: clk
Path Type: max

Fanout     Cap    Slew   Delay    Time   Description
-----------------------------------------------------------------------------
                  0.00    0.00    0.00   clock clk (rise edge)
                          0.00    0.00   clock network delay (ideal)
                  0.00    0.00    0.00 ^ _58439_/CLK (sky130_fd_sc_hd__dfxtp_2)
                  0.14    0.66    0.66 v _58439_/Q (sky130_fd_sc_hd__dfxtp_2)
     5    0.03                           mem_la_wdata[0] (net)
                  0.14    0.00    0.66 v _28663_/A (sky130_fd_sc_hd__buf_1)
                  0.11    0.24    0.90 v _28663_/X (sky130_fd_sc_hd__buf_1)
     3    0.01                           _22124_ (net)
                  0.11    0.00    0.90 v _33142_/A (sky130_fd_sc_hd__nor3_2)
                  0.40    0.45    1.35 ^ _33142_/Y (sky130_fd_sc_hd__nor3_2)
     3    0.01                           _26455_ (net)
                  0.40    0.00    1.35 ^ _33184_/A (sky130_fd_sc_hd__nand4_2)
                  0.27    0.34    1.68 v _33184_/Y (sky130_fd_sc_hd__nand4_2)
     3    0.01                           _26494_ (net)
                  0.27    0.00    1.68 v _33219_/D (sky130_fd_sc_hd__nor4_2)
                  0.47    0.41    2.09 ^ _33219_/Y (sky130_fd_sc_hd__nor4_2)
     3    0.01                           _26526_ (net)
                  0.47    0.00    2.09 ^ _33247_/D_N (sky130_fd_sc_hd__or4b_2)
                  0.28    1.61    3.70 v _33247_/X (sky130_fd_sc_hd__or4b_2)
     3    0.01                           _26551_ (net)
                  0.28    0.00    3.70 v _33248_/A (sky130_fd_sc_hd__buf_1)
                  0.13    0.32    4.02 v _33248_/X (sky130_fd_sc_hd__buf_1)
     3    0.01                           _26552_ (net)
                  0.13    0.00    4.02 v _33278_/D (sky130_fd_sc_hd__nor4_2)
                  0.48    0.37    4.39 ^ _33278_/Y (sky130_fd_sc_hd__nor4_2)
     3    0.01                           _26579_ (net)
                  0.48    0.00    4.39 ^ _33310_/D_N (sky130_fd_sc_hd__or4b_2)
                  0.25    1.55    5.95 v _33310_/X (sky130_fd_sc_hd__or4b_2)
     2    0.01                           _26608_ (net)
                  0.25    0.00    5.95 v _33336_/D (sky130_fd_sc_hd__nor4_2)
                  0.48    0.41    6.36 ^ _33336_/Y (sky130_fd_sc_hd__nor4_2)
     3    0.01                           _26631_ (net)
                  0.48    0.00    6.36 ^ _33355_/C_N (sky130_fd_sc_hd__or3b_2)
                  0.17    1.15    7.51 v _33355_/X (sky130_fd_sc_hd__or3b_2)
     2    0.00                           _26648_ (net)
                  0.17    0.00    7.51 v _33356_/A (sky130_fd_sc_hd__buf_1)
                  0.10    0.25    7.76 v _33356_/X (sky130_fd_sc_hd__buf_1)
     3    0.01                           _26649_ (net)
                  0.10    0.00    7.76 v _33385_/D (sky130_fd_sc_hd__or4_2)
                  0.27    1.39    9.15 v _33385_/X (sky130_fd_sc_hd__or4_2)
     3    0.01                           _26675_ (net)
                  0.27    0.00    9.15 v _33396_/A (sky130_fd_sc_hd__buf_1)
                  0.12    0.31    9.46 v _33396_/X (sky130_fd_sc_hd__buf_1)
     3    0.01                           _26685_ (net)
                  0.12    0.00    9.46 v _33423_/D (sky130_fd_sc_hd__or4_2)
                  0.23    1.34   10.79 v _33423_/X (sky130_fd_sc_hd__or4_2)
     2    0.00                           _26710_ (net)
                  0.23    0.00   10.79 v _33424_/A (sky130_fd_sc_hd__buf_1)
                  0.11    0.29   11.08 v _33424_/X (sky130_fd_sc_hd__buf_1)
     3    0.01                           _26711_ (net)
                  0.11    0.00   11.08 v _33425_/A2 (sky130_fd_sc_hd__a21o_2)
                  0.06    0.40   11.48 v _33425_/X (sky130_fd_sc_hd__a21o_2)
     2    0.00                           _26712_ (net)
                  0.06    0.00   11.48 v _33427_/B (sky130_fd_sc_hd__and3b_2)
                  0.08    0.40   11.88 v _33427_/X (sky130_fd_sc_hd__and3b_2)
     2    0.00                           _26714_ (net)
                  0.08    0.00   11.88 v _33429_/A (sky130_fd_sc_hd__or2b_2)
                  0.11    0.64   12.53 v _33429_/X (sky130_fd_sc_hd__or2b_2)
     2    0.00                           _26716_ (net)
                  0.11    0.00   12.53 v _33430_/B1_N (sky130_fd_sc_hd__a21boi_2)
                  0.07    0.31   12.84 v _33430_/Y (sky130_fd_sc_hd__a21boi_2)
     1    0.00                           _26717_ (net)
                  0.07    0.00   12.84 v _33432_/A (sky130_fd_sc_hd__or2_2)
                  0.10    0.64   13.48 v _33432_/X (sky130_fd_sc_hd__or2_2)
     1    0.00                           _00039_ (net)
                  0.10    0.00   13.48 v _58758_/D (sky130_fd_sc_hd__dfxtp_2)
                                 13.48   data arrival time

                  0.00   12.00   12.00   clock clk (rise edge)
                          0.00   12.00   clock network delay (ideal)
                          0.00   12.00   clock reconvergence pessimism
                                 12.00 ^ _58758_/CLK (sky130_fd_sc_hd__dfxtp_2)
                         -0.31   11.69   library setup time
                                 11.69   data required time
-----------------------------------------------------------------------------
                                 11.69   data required time
                                -13.48   data arrival time
-----------------------------------------------------------------------------
                                 -1.78   slack (VIOLATED)


tns -19.08
wns -1.78
% 